#
# There is insufficient memory for the Java Runtime Environment to continue.
# Native memory allocation (malloc) failed to allocate 1055536 bytes for Chunk::new
# Possible reasons:
#   The system is out of physical RAM or swap space
#   In 32 bit mode, the process size limit was hit
# Possible solutions:
#   Reduce memory load on the system
#   Increase physical memory or swap space
#   Check if swap backing store is full
#   Use 64 bit Java on a 64 bit OS
#   Decrease Java heap size (-Xmx/-Xms)
#   Decrease number of Java threads
#   Decrease Java thread stack sizes (-Xss)
#   Set larger code cache with -XX:ReservedCodeCacheSize=
# This output file may be truncated or incomplete.
#
#  Out of Memory Error (allocation.cpp:390), pid=22724, tid=0x0000000000005d00
#
# JRE version: OpenJDK Runtime Environment (8.0_152-b06) (build 1.8.0_152-release-1136-b06)
# Java VM: OpenJDK 64-Bit Server VM (25.152-b06 mixed mode windows-amd64 compressed oops)
# Failed to write core dump. Minidumps are not enabled by default on client versions of Windows
#

---------------  T H R E A D  ---------------

Current thread (0x0000000018d4f800):  JavaThread "C2 CompilerThread0" daemon [_thread_in_native, id=23808, stack(0x0000000019510000,0x0000000019610000)]

Stack: [0x0000000019510000,0x0000000019610000]
[error occurred during error reporting (printing stack bounds), id 0xc0000005]

Native frames: (J=compiled Java code, j=interpreted, Vv=VM code, C=native code)


Current CompileTask:
C2:   7474 4305   !   4       java.net.URLClassLoader$1::run (63 bytes)


---------------  P R O C E S S  ---------------

Java Threads: ( => current thread )
  0x000000001d46b000 JavaThread "Memory manager" [_thread_blocked, id=20276, stack(0x0000000022640000,0x0000000022740000)]
  0x000000001d46a000 JavaThread "pool-1-thread-1" [_thread_blocked, id=10988, stack(0x0000000022340000,0x0000000022440000)]
  0x000000001d469800 JavaThread "Build operations Thread 8" [_thread_blocked, id=10664, stack(0x0000000022040000,0x0000000022140000)]
  0x000000001d46e800 JavaThread "Build operations Thread 7" [_thread_blocked, id=23868, stack(0x0000000021f40000,0x0000000022040000)]
  0x000000001d46e000 JavaThread "Build operations Thread 6" [_thread_blocked, id=23168, stack(0x0000000021e40000,0x0000000021f40000)]
  0x000000001d46d000 JavaThread "Build operations Thread 5" [_thread_blocked, id=22652, stack(0x0000000021d40000,0x0000000021e40000)]
  0x000000001d46c800 JavaThread "Build operations Thread 4" [_thread_blocked, id=22496, stack(0x0000000021c40000,0x0000000021d40000)]
  0x000000001d468000 JavaThread "Build operations Thread 3" [_thread_blocked, id=13524, stack(0x0000000021b40000,0x0000000021c40000)]
  0x000000001a431800 JavaThread "Build operations Thread 2" [_thread_blocked, id=20824, stack(0x0000000021a40000,0x0000000021b40000)]
  0x000000001a42f000 JavaThread "Build operations" [_thread_blocked, id=20428, stack(0x0000000021250000,0x0000000021350000)]
  0x000000001a432000 JavaThread "Cache worker for Artifact transforms cache (C:\Users\roryh\.gradle\caches\transforms-1)" [_thread_blocked, id=17420, stack(0x000000001d930000,0x000000001da30000)]
  0x000000001ae6c000 JavaThread "Cache worker for file hash cache (C:\Users\roryh\AndroidStudioProjects\ShopEdit\.gradle\4.6\fileHashes)" [_thread_blocked, id=1336, stack(0x000000001d830000,0x000000001d930000)]
  0x000000001ae7d000 JavaThread "File lock request listener" [_thread_in_native, id=11320, stack(0x000000001c760000,0x000000001c860000)]
  0x000000001b064800 JavaThread "Cache worker for file hash cache (C:\Users\roryh\.gradle\caches\4.6\fileHashes)" [_thread_blocked, id=23828, stack(0x000000001c660000,0x000000001c760000)]
  0x000000001ad07000 JavaThread "Stdin handler" [_thread_blocked, id=2232, stack(0x000000001c260000,0x000000001c360000)]
  0x000000001ad06800 JavaThread "Asynchronous log dispatcher for DefaultDaemonConnection: socket connection from /127.0.0.1:54374 to /127.0.0.1:54375" [_thread_blocked, id=7304, stack(0x000000001c160000,0x000000001c260000)]
  0x000000001ad03800 JavaThread "Daemon worker" [_thread_in_vm, id=17684, stack(0x000000001c060000,0x000000001c160000)]
  0x000000001ad12000 JavaThread "Cancel handler" [_thread_blocked, id=22380, stack(0x000000001bf60000,0x000000001c060000)]
  0x000000001acc7800 JavaThread "Handler for socket connection from /127.0.0.1:54374 to /127.0.0.1:54375" [_thread_in_native, id=22316, stack(0x000000001bc60000,0x000000001bd60000)]
  0x000000001acc6800 JavaThread "Daemon" [_thread_blocked, id=15896, stack(0x000000001bb60000,0x000000001bc60000)]
  0x000000001ac6b800 JavaThread "Daemon periodic checks" [_thread_blocked, id=13224, stack(0x000000001ba60000,0x000000001bb60000)]
  0x000000001ada1800 JavaThread "Incoming local TCP Connector on port 54374" [_thread_in_native, id=17272, stack(0x000000001b820000,0x000000001b920000)]
  0x0000000018d6b800 JavaThread "Service Thread" daemon [_thread_blocked, id=2692, stack(0x0000000019910000,0x0000000019a10000)]
  0x0000000018d57000 JavaThread "C1 CompilerThread3" daemon [_thread_blocked, id=18260, stack(0x0000000019810000,0x0000000019910000)]
  0x0000000016e4a000 JavaThread "C2 CompilerThread2" daemon [_thread_in_native, id=17576, stack(0x0000000019710000,0x0000000019810000)]
  0x0000000018d53000 JavaThread "C2 CompilerThread1" daemon [_thread_in_native, id=21532, stack(0x0000000019610000,0x0000000019710000)]
=>0x0000000018d4f800 JavaThread "C2 CompilerThread0" daemon [_thread_in_native, id=23808, stack(0x0000000019510000,0x0000000019610000)]
  0x0000000018d4e800 JavaThread "Attach Listener" daemon [_thread_blocked, id=6188, stack(0x0000000019410000,0x0000000019510000)]
  0x0000000018d4b800 JavaThread "Signal Dispatcher" daemon [_thread_blocked, id=24092, stack(0x0000000019310000,0x0000000019410000)]
  0x0000000003079800 JavaThread "Finalizer" daemon [_thread_blocked, id=18748, stack(0x0000000019120000,0x0000000019220000)]
  0x0000000003078000 JavaThread "Reference Handler" daemon [_thread_blocked, id=14100, stack(0x0000000018c20000,0x0000000018d20000)]
  0x0000000002d8e000 JavaThread "main" [_thread_blocked, id=7124, stack(0x0000000002e80000,0x0000000002f80000)]

Other Threads:
  0x0000000016e37000 VMThread [stack: 0x0000000018b20000,0x0000000018c20000] [id=20508]
  0x0000000018d6c000 WatcherThread [stack: 0x0000000019a10000,0x0000000019b10000] [id=14016]

VM state:not at safepoint (normal execution)

VM Mutex/Monitor currently owned by a thread: None

Heap:
 PSYoungGen      total 163840K, used 18505K [0x00000000e0000000, 0x00000000ee200000, 0x0000000100000000)
  eden space 150528K, 3% used [0x00000000e0000000,0x00000000e0512620,0x00000000e9300000)
  from space 13312K, 99% used [0x00000000e9300000,0x00000000e9fffe20,0x00000000ea000000)
  to   space 13824K, 0% used [0x00000000ea000000,0x00000000ea000000,0x00000000ead80000)
 ParOldGen       total 159232K, used 20465K [0x00000000a0000000, 0x00000000a9b80000, 0x00000000e0000000)
  object space 159232K, 12% used [0x00000000a0000000,0x00000000a13fc4f0,0x00000000a9b80000)
 Metaspace       used 45094K, capacity 46220K, committed 46552K, reserved 1089536K
  class space    used 6191K, capacity 6568K, committed 6616K, reserved 1048576K

Card table byte_map: [0x0000000012440000,0x0000000012750000] byte_map_base: 0x0000000011f40000

Marking Bits: (ParMarkBitMap*) 0x00000000643c5aa0
 Begin Bits: [0x0000000013150000, 0x0000000014950000)
 End Bits:   [0x0000000014950000, 0x0000000016150000)

Polling page: 0x0000000000f80000

CodeCache: size=245760Kb used=13661Kb max_used=13661Kb free=232098Kb
 bounds [0x0000000003080000, 0x0000000003df0000, 0x0000000012080000]
 total_blobs=4761 nmethods=4021 adapters=652
 compilation: enabled

Compilation events (10 events):
Event: 7.461 Thread 0x0000000018d57000 4413       1       com.sun.xml.bind.v2.model.impl.PropertyInfoImpl::id (5 bytes)
Event: 7.461 Thread 0x0000000018d57000 nmethod 4413 0x0000000003d8eb50 code [0x0000000003d8eca0, 0x0000000003d8edb0]
Event: 7.462 Thread 0x0000000018d57000 4414       3       sun.reflect.Reflection::quickCheckMemberAccess (10 bytes)
Event: 7.463 Thread 0x0000000018d57000 nmethod 4414 0x0000000003d95f10 code [0x0000000003d96080, 0x0000000003d962a8]
Event: 7.463 Thread 0x0000000018d57000 4415       1       com.sun.xml.bind.v2.model.impl.ClassInfoImpl::getClazz (5 bytes)
Event: 7.464 Thread 0x0000000018d57000 nmethod 4415 0x0000000003db1250 code [0x0000000003db13a0, 0x0000000003db14b0]
Event: 7.464 Thread 0x0000000018d57000 4416       3       java.util.logging.Logger::isLoggable (25 bytes)
Event: 7.465 Thread 0x0000000018d57000 nmethod 4416 0x0000000003d95a50 code [0x0000000003d95bc0, 0x0000000003d95e50]
Event: 7.467 Thread 0x0000000018d57000 4417       3       com.sun.xml.bind.v2.model.impl.PropertyInfoImpl::getName (10 bytes)
Event: 7.467 Thread 0x0000000018d57000 nmethod 4417 0x0000000003d95610 code [0x0000000003d95780, 0x0000000003d959a8]

GC Heap History (10 events):
Event: 3.449 GC heap before
{Heap before GC invocations=5 (full 1):
 PSYoungGen      total 76288K, used 65536K [0x00000000e0000000, 0x00000000e9500000, 0x0000000100000000)
  eden space 65536K, 100% used [0x00000000e0000000,0x00000000e4000000,0x00000000e4000000)
  from space 10752K, 0% used [0x00000000e4000000,0x00000000e4000000,0x00000000e4a80000)
  to   space 10752K, 0% used [0x00000000e8a80000,0x00000000e8a80000,0x00000000e9500000)
 ParOldGen       total 106496K, used 8702K [0x00000000a0000000, 0x00000000a6800000, 0x00000000e0000000)
  object space 106496K, 8% used [0x00000000a0000000,0x00000000a087f8e8,0x00000000a6800000)
 Metaspace       used 25930K, capacity 26448K, committed 26624K, reserved 1073152K
  class space    used 3634K, capacity 3800K, committed 3840K, reserved 1048576K
Event: 3.461 GC heap after
Heap after GC invocations=5 (full 1):
 PSYoungGen      total 107008K, used 6614K [0x00000000e0000000, 0x00000000e9100000, 0x0000000100000000)
  eden space 100352K, 0% used [0x00000000e0000000,0x00000000e0000000,0x00000000e6200000)
  from space 6656K, 99% used [0x00000000e8a80000,0x00000000e90f5970,0x00000000e9100000)
  to   space 10752K, 0% used [0x00000000e7c00000,0x00000000e7c00000,0x00000000e8680000)
 ParOldGen       total 106496K, used 8710K [0x00000000a0000000, 0x00000000a6800000, 0x00000000e0000000)
  object space 106496K, 8% used [0x00000000a0000000,0x00000000a08818e8,0x00000000a6800000)
 Metaspace       used 25930K, capacity 26448K, committed 26624K, reserved 1073152K
  class space    used 3634K, capacity 3800K, committed 3840K, reserved 1048576K
}
Event: 4.803 GC heap before
{Heap before GC invocations=6 (full 1):
 PSYoungGen      total 107008K, used 106966K [0x00000000e0000000, 0x00000000e9100000, 0x0000000100000000)
  eden space 100352K, 100% used [0x00000000e0000000,0x00000000e6200000,0x00000000e6200000)
  from space 6656K, 99% used [0x00000000e8a80000,0x00000000e90f5970,0x00000000e9100000)
  to   space 10752K, 0% used [0x00000000e7c00000,0x00000000e7c00000,0x00000000e8680000)
 ParOldGen       total 106496K, used 8710K [0x00000000a0000000, 0x00000000a6800000, 0x00000000e0000000)
  object space 106496K, 8% used [0x00000000a0000000,0x00000000a08818e8,0x00000000a6800000)
 Metaspace       used 31895K, capacity 32604K, committed 32768K, reserved 1077248K
  class space    used 4492K, capacity 4788K, committed 4864K, reserved 1048576K
Event: 4.813 GC heap after
Heap after GC invocations=6 (full 1):
 PSYoungGen      total 137728K, used 10750K [0x00000000e0000000, 0x00000000ead80000, 0x0000000100000000)
  eden space 126976K, 0% used [0x00000000e0000000,0x00000000e0000000,0x00000000e7c00000)
  from space 10752K, 99% used [0x00000000e7c00000,0x00000000e867f8f8,0x00000000e8680000)
  to   space 13824K, 0% used [0x00000000ea000000,0x00000000ea000000,0x00000000ead80000)
 ParOldGen       total 106496K, used 10872K [0x00000000a0000000, 0x00000000a6800000, 0x00000000e0000000)
  object space 106496K, 10% used [0x00000000a0000000,0x00000000a0a9e150,0x00000000a6800000)
 Metaspace       used 31895K, capacity 32604K, committed 32768K, reserved 1077248K
  class space    used 4492K, capacity 4788K, committed 4864K, reserved 1048576K
}
Event: 4.984 GC heap before
{Heap before GC invocations=7 (full 1):
 PSYoungGen      total 137728K, used 23941K [0x00000000e0000000, 0x00000000ead80000, 0x0000000100000000)
  eden space 126976K, 10% used [0x00000000e0000000,0x00000000e0ce1db0,0x00000000e7c00000)
  from space 10752K, 99% used [0x00000000e7c00000,0x00000000e867f8f8,0x00000000e8680000)
  to   space 13824K, 0% used [0x00000000ea000000,0x00000000ea000000,0x00000000ead80000)
 ParOldGen       total 106496K, used 10872K [0x00000000a0000000, 0x00000000a6800000, 0x00000000e0000000)
  object space 106496K, 10% used [0x00000000a0000000,0x00000000a0a9e150,0x00000000a6800000)
 Metaspace       used 34507K, capacity 35292K, committed 35416K, reserved 1079296K
  class space    used 4857K, capacity 5153K, committed 5208K, reserved 1048576K
Event: 4.992 GC heap after
Heap after GC invocations=7 (full 1):
 PSYoungGen      total 164352K, used 9763K [0x00000000e0000000, 0x00000000ee200000, 0x0000000100000000)
  eden space 150528K, 0% used [0x00000000e0000000,0x00000000e0000000,0x00000000e9300000)
  from space 13824K, 70% used [0x00000000ea000000,0x00000000ea988ef0,0x00000000ead80000)
  to   space 13312K, 0% used [0x00000000e9300000,0x00000000e9300000,0x00000000ea000000)
 ParOldGen       total 106496K, used 10880K [0x00000000a0000000, 0x00000000a6800000, 0x00000000e0000000)
  object space 106496K, 10% used [0x00000000a0000000,0x00000000a0aa0150,0x00000000a6800000)
 Metaspace       used 34507K, capacity 35292K, committed 35416K, reserved 1079296K
  class space    used 4857K, capacity 5153K, committed 5208K, reserved 1048576K
}
Event: 4.992 GC heap before
{Heap before GC invocations=8 (full 2):
 PSYoungGen      total 164352K, used 9763K [0x00000000e0000000, 0x00000000ee200000, 0x0000000100000000)
  eden space 150528K, 0% used [0x00000000e0000000,0x00000000e0000000,0x00000000e9300000)
  from space 13824K, 70% used [0x00000000ea000000,0x00000000ea988ef0,0x00000000ead80000)
  to   space 13312K, 0% used [0x00000000e9300000,0x00000000e9300000,0x00000000ea000000)
 ParOldGen       total 106496K, used 10880K [0x00000000a0000000, 0x00000000a6800000, 0x00000000e0000000)
  object space 106496K, 10% used [0x00000000a0000000,0x00000000a0aa0150,0x00000000a6800000)
 Metaspace       used 34507K, capacity 35292K, committed 35416K, reserved 1079296K
  class space    used 4857K, capacity 5153K, committed 5208K, reserved 1048576K
Event: 5.038 GC heap after
Heap after GC invocations=8 (full 2):
 PSYoungGen      total 164352K, used 0K [0x00000000e0000000, 0x00000000ee200000, 0x0000000100000000)
  eden space 150528K, 0% used [0x00000000e0000000,0x00000000e0000000,0x00000000e9300000)
  from space 13824K, 0% used [0x00000000ea000000,0x00000000ea000000,0x00000000ead80000)
  to   space 13312K, 0% used [0x00000000e9300000,0x00000000e9300000,0x00000000ea000000)
 ParOldGen       total 159232K, used 16327K [0x00000000a0000000, 0x00000000a9b80000, 0x00000000e0000000)
  object space 159232K, 10% used [0x00000000a0000000,0x00000000a0ff1fe0,0x00000000a9b80000)
 Metaspace       used 34507K, capacity 35292K, committed 35416K, reserved 1079296K
  class space    used 4857K, capacity 5153K, committed 5208K, reserved 1048576K
}
Event: 7.393 GC heap before
{Heap before GC invocations=9 (full 2):
 PSYoungGen      total 164352K, used 150528K [0x00000000e0000000, 0x00000000ee200000, 0x0000000100000000)
  eden space 150528K, 100% used [0x00000000e0000000,0x00000000e9300000,0x00000000e9300000)
  from space 13824K, 0% used [0x00000000ea000000,0x00000000ea000000,0x00000000ead80000)
  to   space 13312K, 0% used [0x00000000e9300000,0x00000000e9300000,0x00000000ea000000)
 ParOldGen       total 159232K, used 16327K [0x00000000a0000000, 0x00000000a9b80000, 0x00000000e0000000)
  object space 159232K, 10% used [0x00000000a0000000,0x00000000a0ff1fe0,0x00000000a9b80000)
 Metaspace       used 44931K, capacity 46036K, committed 46296K, reserved 1089536K
  class space    used 6161K, capacity 6532K, committed 6616K, reserved 1048576K
Event: 7.419 GC heap after
Heap after GC invocations=9 (full 2):
 PSYoungGen      total 163840K, used 13311K [0x00000000e0000000, 0x00000000ee200000, 0x0000000100000000)
  eden space 150528K, 0% used [0x00000000e0000000,0x00000000e0000000,0x00000000e9300000)
  from space 13312K, 99% used [0x00000000e9300000,0x00000000e9fffe20,0x00000000ea000000)
  to   space 13824K, 0% used [0x00000000ea000000,0x00000000ea000000,0x00000000ead80000)
 ParOldGen       total 159232K, used 20465K [0x00000000a0000000, 0x00000000a9b80000, 0x00000000e0000000)
  object space 159232K, 12% used [0x00000000a0000000,0x00000000a13fc4f0,0x00000000a9b80000)
 Metaspace       used 44931K, capacity 46036K, committed 46296K, reserved 1089536K
  class space    used 6161K, capacity 6532K, committed 6616K, reserved 1048576K
}

Deoptimization events (10 events):
Event: 5.924 Thread 0x000000001ad03800 Uncommon trap: reason=unstable_if action=reinterpret pc=0x000000000377d36c method=java.security.CodeSource.getCertificates()[Ljava/security/cert/Certificate; @ 22
Event: 5.925 Thread 0x000000001ad03800 Uncommon trap: reason=unstable_if action=reinterpret pc=0x000000000337c93c method=java.security.CodeSource.matchCerts(Ljava/security/CodeSource;Z)Z @ 11
Event: 5.967 Thread 0x000000001ad03800 Uncommon trap: reason=unstable_if action=reinterpret pc=0x0000000003214e38 method=java.util.LinkedHashMap.get(Ljava/lang/Object;)Ljava/lang/Object; @ 20
Event: 6.040 Thread 0x000000001ad03800 Uncommon trap: reason=unstable_if action=reinterpret pc=0x000000000385683c method=java.security.CodeSource.matchCerts(Ljava/security/CodeSource;Z)Z @ 11
Event: 6.083 Thread 0x000000001ad03800 Uncommon trap: reason=unstable_if action=reinterpret pc=0x000000000397f800 method=org.objectweb.asm.ByteVector.putUTF8(Ljava/lang/String;)Lorg/objectweb/asm/ByteVector; @ 91
Event: 6.211 Thread 0x000000001ad03800 Uncommon trap: reason=unstable_if action=reinterpret pc=0x00000000037bf3b0 method=org.objectweb.asm.ByteVector.putUTF8(Ljava/lang/String;)Lorg/objectweb/asm/ByteVector; @ 91
Event: 6.769 Thread 0x000000001ad03800 Uncommon trap: reason=bimorphic action=maybe_recompile pc=0x0000000003cbc2c4 method=java.util.regex.Pattern$5.isSatisfiedBy(I)Z @ 16
Event: 6.769 Thread 0x000000001ad03800 Uncommon trap: reason=bimorphic action=maybe_recompile pc=0x0000000003cbc2c4 method=java.util.regex.Pattern$5.isSatisfiedBy(I)Z @ 16
Event: 6.769 Thread 0x000000001ad03800 Uncommon trap: reason=bimorphic action=maybe_recompile pc=0x0000000003cbc2c4 method=java.util.regex.Pattern$5.isSatisfiedBy(I)Z @ 16
Event: 6.769 Thread 0x000000001ad03800 Uncommon trap: reason=bimorphic action=maybe_recompile pc=0x0000000003cbc2c4 method=java.util.regex.Pattern$5.isSatisfiedBy(I)Z @ 16

Classes redefined (0 events):
No events

Internal exceptions (10 events):
Event: 6.982 Thread 0x000000001ad03800 Exception <a 'sun/nio/fs/WindowsException'> (0x00000000e7fa1fc0) thrown at [D:\src\AOSP-openjdk-cygwin\jdk8u\hotspot\src\share\vm\prims\jni.cpp, line 709]
Event: 6.982 Thread 0x000000001ad03800 Exception <a 'sun/nio/fs/WindowsException'> (0x00000000e7fa2c18) thrown at [D:\src\AOSP-openjdk-cygwin\jdk8u\hotspot\src\share\vm\prims\jni.cpp, line 709]
Event: 6.982 Thread 0x000000001ad03800 Exception <a 'sun/nio/fs/WindowsException'> (0x00000000e7fa48a8) thrown at [D:\src\AOSP-openjdk-cygwin\jdk8u\hotspot\src\share\vm\prims\jni.cpp, line 709]
Event: 6.982 Thread 0x000000001ad03800 Exception <a 'sun/nio/fs/WindowsException'> (0x00000000e7fa5540) thrown at [D:\src\AOSP-openjdk-cygwin\jdk8u\hotspot\src\share\vm\prims\jni.cpp, line 709]
Event: 6.983 Thread 0x000000001ad03800 Exception <a 'sun/nio/fs/WindowsException'> (0x00000000e7fa8e18) thrown at [D:\src\AOSP-openjdk-cygwin\jdk8u\hotspot\src\share\vm\prims\jni.cpp, line 709]
Event: 6.983 Thread 0x000000001ad03800 Exception <a 'sun/nio/fs/WindowsException'> (0x00000000e7fa9ad8) thrown at [D:\src\AOSP-openjdk-cygwin\jdk8u\hotspot\src\share\vm\prims\jni.cpp, line 709]
Event: 6.983 Thread 0x000000001ad03800 Exception <a 'sun/nio/fs/WindowsException'> (0x00000000e7fab7e0) thrown at [D:\src\AOSP-openjdk-cygwin\jdk8u\hotspot\src\share\vm\prims\jni.cpp, line 709]
Event: 6.983 Thread 0x000000001ad03800 Exception <a 'sun/nio/fs/WindowsException'> (0x00000000e7fac4d8) thrown at [D:\src\AOSP-openjdk-cygwin\jdk8u\hotspot\src\share\vm\prims\jni.cpp, line 709]
Event: 6.993 Thread 0x000000001ad03800 Exception <a 'java/lang/ClassNotFoundException': com/sun/org/glassfish/hk2/osgiresourcelocator/ServiceLoader> (0x00000000e8008ba8) thrown at [D:\src\AOSP-openjdk-cygwin\jdk8u\hotspot\src\share\vm\classfile\systemDictionary.cpp, line 210]
Event: 7.071 Thread 0x000000001ad03800 Exception <a 'java/lang/NullPointerException'> (0x00000000e849e048) thrown at [D:\src\AOSP-openjdk-cygwin\jdk8u\hotspot\src\share\vm\interpreter\linkResolver.cpp, line 1301]

Events (10 events):
Event: 7.445 loading class com/sun/xml/bind/v2/ClassFactory
Event: 7.445 loading class com/sun/xml/bind/v2/ClassFactory done
Event: 7.446 loading class com/sun/xml/bind/v2/ClassFactory$1
Event: 7.446 loading class com/sun/xml/bind/v2/ClassFactory$1 done
Event: 7.447 loading class java/lang/ExceptionInInitializerError
Event: 7.447 loading class java/lang/ExceptionInInitializerError done
Event: 7.465 loading class com/sun/xml/bind/v2/runtime/property/ValueProperty
Event: 7.465 loading class com/sun/xml/bind/v2/runtime/property/ValueProperty done
Event: 7.465 loading class com/sun/xml/bind/v2/runtime/unmarshaller/ValuePropertyLoader
Event: 7.465 loading class com/sun/xml/bind/v2/runtime/unmarshaller/ValuePropertyLoader done


Dynamic libraries:
0x00007ff7516d0000 - 0x00007ff751701000 	C:\Program Files\Android\Android Studio\jre\bin\java.exe
0x00007ff95acc0000 - 0x00007ff95aea1000 	C:\windows\SYSTEM32\ntdll.dll
0x00007ff958350000 - 0x00007ff958402000 	C:\windows\System32\KERNEL32.DLL
0x00007ff9574c0000 - 0x00007ff957733000 	C:\windows\System32\KERNELBASE.dll
0x00007ff9581f0000 - 0x00007ff958291000 	C:\windows\System32\ADVAPI32.dll
0x00007ff95a520000 - 0x00007ff95a5be000 	C:\windows\System32\msvcrt.dll
0x00007ff959e10000 - 0x00007ff959e6b000 	C:\windows\System32\sechost.dll
0x00007ff958750000 - 0x00007ff958874000 	C:\windows\System32\RPCRT4.dll
0x00007ff95a1b0000 - 0x00007ff95a340000 	C:\windows\System32\USER32.dll
0x00007ff958130000 - 0x00007ff958150000 	C:\windows\System32\win32u.dll
0x00007ff958530000 - 0x00007ff958558000 	C:\windows\System32\GDI32.dll
0x00007ff957130000 - 0x00007ff9572c2000 	C:\windows\System32\gdi32full.dll
0x00007ff957090000 - 0x00007ff95712f000 	C:\windows\System32\msvcp_win.dll
0x00007ff957790000 - 0x00007ff95788a000 	C:\windows\System32\ucrtbase.dll
0x00007ff943340000 - 0x00007ff9435a9000 	C:\windows\WinSxS\amd64_microsoft.windows.common-controls_6595b64144ccf1df_6.0.17134.472_none_fb3f9af53068156d\COMCTL32.dll
0x00007ff959e80000 - 0x00007ff95a1a2000 	C:\windows\System32\combase.dll
0x00007ff9578f0000 - 0x00007ff95796a000 	C:\windows\System32\bcryptPrimitives.dll
0x00007ff958560000 - 0x00007ff95858d000 	C:\windows\System32\IMM32.DLL
0x0000000063b20000 - 0x0000000063bf2000 	C:\Program Files\Android\Android Studio\jre\jre\bin\msvcr100.dll
0x0000000063c00000 - 0x0000000064441000 	C:\Program Files\Android\Android Studio\jre\jre\bin\server\jvm.dll
0x00007ff958410000 - 0x00007ff958418000 	C:\windows\System32\PSAPI.DLL
0x00007ff94e360000 - 0x00007ff94e36a000 	C:\windows\SYSTEM32\VERSION.dll
0x00007ff950a20000 - 0x00007ff950a29000 	C:\windows\SYSTEM32\WSOCK32.dll
0x00007ff953e10000 - 0x00007ff953e33000 	C:\windows\SYSTEM32\WINMM.dll
0x00007ff9584a0000 - 0x00007ff95850c000 	C:\windows\System32\WS2_32.dll
0x00007ff953cf0000 - 0x00007ff953d1a000 	C:\windows\SYSTEM32\WINMMBASE.dll
0x00007ff957740000 - 0x00007ff957789000 	C:\windows\System32\cfgmgr32.dll
0x00007ff954160000 - 0x00007ff95416f000 	C:\Program Files\Android\Android Studio\jre\jre\bin\verify.dll
0x00007ff948c10000 - 0x00007ff948c39000 	C:\Program Files\Android\Android Studio\jre\jre\bin\java.dll
0x00007ff94d580000 - 0x00007ff94d596000 	C:\Program Files\Android\Android Studio\jre\jre\bin\zip.dll
0x00007ff9589d0000 - 0x00007ff959e10000 	C:\windows\System32\SHELL32.dll
0x00007ff9582a0000 - 0x00007ff958349000 	C:\windows\System32\shcore.dll
0x00007ff957970000 - 0x00007ff95807d000 	C:\windows\System32\windows.storage.dll
0x00007ff95a4c0000 - 0x00007ff95a511000 	C:\windows\System32\shlwapi.dll
0x00007ff956ff0000 - 0x00007ff957001000 	C:\windows\System32\kernel.appcore.dll
0x00007ff957010000 - 0x00007ff95702f000 	C:\windows\System32\profapi.dll
0x00007ff957030000 - 0x00007ff95707c000 	C:\windows\System32\powrprof.dll
0x00007ff957080000 - 0x00007ff95708a000 	C:\windows\System32\FLTLIB.DLL
0x00007ff9492c0000 - 0x00007ff9492da000 	C:\Program Files\Android\Android Studio\jre\jre\bin\net.dll
0x00007ff956850000 - 0x00007ff9568b6000 	C:\windows\system32\mswsock.dll
0x00007ff943bb0000 - 0x00007ff943bc1000 	C:\Program Files\Android\Android Studio\jre\jre\bin\nio.dll
0x00007ff94d560000 - 0x00007ff94d57e000 	C:\Users\roryh\.gradle\native\25\windows-amd64\native-platform.dll
0x00007ff9529e0000 - 0x00007ff9529ed000 	C:\Program Files\Android\Android Studio\jre\jre\bin\management.dll
0x00007ff956a10000 - 0x00007ff956a27000 	C:\windows\SYSTEM32\CRYPTSP.dll
0x00007ff956430000 - 0x00007ff956463000 	C:\windows\system32\rsaenh.dll
0x00007ff956b30000 - 0x00007ff956b55000 	C:\windows\SYSTEM32\bcrypt.dll
0x00007ff956f00000 - 0x00007ff956f28000 	C:\windows\SYSTEM32\USERENV.dll
0x00007ff956a00000 - 0x00007ff956a0b000 	C:\windows\SYSTEM32\CRYPTBASE.dll
0x00007ff9565d0000 - 0x00007ff956608000 	C:\windows\SYSTEM32\IPHLPAPI.DLL
0x00007ff95ac80000 - 0x00007ff95ac88000 	C:\windows\System32\NSI.dll
0x00007ff94f030000 - 0x00007ff94f046000 	C:\windows\SYSTEM32\dhcpcsvc6.DLL
0x00007ff94f540000 - 0x00007ff94f55a000 	C:\windows\SYSTEM32\dhcpcsvc.DLL

VM Arguments:
jvm_args: -Xmx1536m -Dfile.encoding=windows-1252 -Duser.country=IE -Duser.language=en -Duser.variant 
java_command: org.gradle.launcher.daemon.bootstrap.GradleDaemon 4.6
java_class_path (initial): C:\Users\roryh\.gradle\wrapper\dists\gradle-4.6-all\bcst21l2brirad8k2ben1letg\gradle-4.6\lib\gradle-launcher-4.6.jar
Launcher Type: SUN_STANDARD

Environment Variables:
JAVA_HOME=C:\Program Files (x86)\Java\jdk1.8.0_181
PATH=C:\Program Files (x86)\Common Files\Oracle\Java\javapath;C:\windows\system32;C:\windows;C:\windows\System32\Wbem;C:\windows\System32\WindowsPowerShell\v1.0\;C:\windows\System32\OpenSSH\;C:\Program Files\Git\cmd;C:\Program Files\apache-tomcat-8.5.34\bin;C:\Program Files\MySQL\MySQL Server 5.1\bin;C:\Users\roryh\AppData\Local\Microsoft\WindowsApps;;C:\Users\roryh\AppData\Local\Programs\Microsoft VS Code\bin
USERNAME=roryh
OS=Windows_NT
PROCESSOR_IDENTIFIER=Intel64 Family 6 Model 142 Stepping 10, GenuineIntel



---------------  S Y S T E M  ---------------

OS: Windows 10.0 , 64 bit Build 17134 (10.0.17134.1)

CPU:total 8 (initial active 8) (4 cores per cpu, 2 threads per core) family 6 model 142 stepping 10, cmov, cx8, fxsr, mmx, sse, sse2, sse3, ssse3, sse4.1, sse4.2, popcnt, avx, avx2, aes, clmul, erms, 3dnowpref, lzcnt, ht, tsc, tscinvbit, bmi1, bmi2, adx

Memory: 4k page, physical 16657328k(5230772k free), swap 19656624k(3876k free)

vm_info: OpenJDK 64-Bit Server VM (25.152-b06) for windows-amd64 JRE (1.8.0_152-release-1136-b06), built by "builder" with MS VC++ 10.0 (VS2010)

time: Mon Jan 07 13:10:30 2019
elapsed time: 7 seconds (0d 0h 0m 7s)

