#
# There is insufficient memory for the Java Runtime Environment to continue.
# Native memory allocation (malloc) failed to allocate 43936 bytes for Chunk::new
# Possible reasons:
#   The system is out of physical RAM or swap space
#   In 32 bit mode, the process size limit was hit
# Possible solutions:
#   Reduce memory load on the system
#   Increase physical memory or swap space
#   Check if swap backing store is full
#   Use 64 bit Java on a 64 bit OS
#   Decrease Java heap size (-Xmx/-Xms)
#   Decrease number of Java threads
#   Decrease Java thread stack sizes (-Xss)
#   Set larger code cache with -XX:ReservedCodeCacheSize=
# This output file may be truncated or incomplete.
#
#  Out of Memory Error (allocation.cpp:390), pid=19684, tid=0x0000000000003494
#
# JRE version: OpenJDK Runtime Environment (8.0_152-b06) (build 1.8.0_152-release-1136-b06)
# Java VM: OpenJDK 64-Bit Server VM (25.152-b06 mixed mode windows-amd64 compressed oops)
# Failed to write core dump. Minidumps are not enabled by default on client versions of Windows
#

---------------  T H R E A D  ---------------

Current thread (0x00000000190ab800):  JavaThread "C2 CompilerThread0" daemon [_thread_in_native, id=13460, stack(0x0000000019870000,0x0000000019970000)]

Stack: [0x0000000019870000,0x0000000019970000]
[error occurred during error reporting (printing stack bounds), id 0xc0000005]

Native frames: (J=compiled Java code, j=interpreted, Vv=VM code, C=native code)


Current CompileTask:
C2:26698610 27694   !   4       com.android.apksig.DefaultApkSignerEngine$GetJarEntryDataDigestRequest::done (54 bytes)


---------------  P R O C E S S  ---------------

Java Threads: ( => current thread )
  0x0000000019336000 JavaThread "pool-103-thread-1" [_thread_blocked, id=14724, stack(0x000000003dcc0000,0x000000003ddc0000)]
  0x0000000019333800 JavaThread "ForkJoinPool-314-worker-0" daemon [_thread_blocked, id=16212, stack(0x000000003dbc0000,0x000000003dcc0000)]
  0x0000000019333000 JavaThread "ForkJoinPool-314-worker-7" daemon [_thread_blocked, id=9912, stack(0x000000003dac0000,0x000000003dbc0000)]
  0x0000000019339800 JavaThread "ForkJoinPool-314-worker-6" daemon [_thread_blocked, id=9980, stack(0x000000003d9c0000,0x000000003dac0000)]
  0x0000000019339000 JavaThread "ForkJoinPool-314-worker-5" daemon [_thread_blocked, id=2856, stack(0x000000003d8c0000,0x000000003d9c0000)]
  0x0000000019337800 JavaThread "ForkJoinPool-314-worker-4" daemon [_thread_blocked, id=18316, stack(0x000000003d7c0000,0x000000003d8c0000)]
  0x0000000019334800 JavaThread "ForkJoinPool-314-worker-3" daemon [_thread_blocked, id=20228, stack(0x000000003d6c0000,0x000000003d7c0000)]
  0x0000000019332000 JavaThread "ForkJoinPool-314-worker-2" daemon [_thread_blocked, id=18696, stack(0x000000003d5c0000,0x000000003d6c0000)]
  0x0000000019336800 JavaThread "ForkJoinPool-314-worker-1" daemon [_thread_blocked, id=12252, stack(0x000000003d4c0000,0x000000003d5c0000)]
  0x000000001d44f800 JavaThread "ForkJoinPool.commonPool-worker-3" daemon [_thread_blocked, id=15300, stack(0x000000003d3c0000,0x000000003d4c0000)]
  0x000000001d44f000 JavaThread "ForkJoinPool.commonPool-worker-2" daemon [_thread_blocked, id=18932, stack(0x000000003d2c0000,0x000000003d3c0000)]
  0x000000001d44d800 JavaThread "ForkJoinPool.commonPool-worker-1" daemon [_thread_blocked, id=2820, stack(0x000000003d1c0000,0x000000003d2c0000)]
  0x000000001d44c800 JavaThread "ForkJoinPool.commonPool-worker-0" daemon [_thread_blocked, id=10284, stack(0x000000003d0c0000,0x000000003d1c0000)]
  0x000000001d44c000 JavaThread "ForkJoinPool.commonPool-worker-7" daemon [_thread_in_native, id=2036, stack(0x000000003cfc0000,0x000000003d0c0000)]
  0x000000001d442000 JavaThread "Cache worker for Java compile cache (C:\Users\roryh\AndroidStudioProjects\ShopEdit\.gradle\4.6\javaCompile)" [_thread_blocked, id=7608, stack(0x000000003cdc0000,0x000000003cec0000)]
  0x000000001d448000 JavaThread "Task worker for ':' Thread 7" [_thread_blocked, id=16880, stack(0x000000003c9c0000,0x000000003cac0000)]
  0x000000001d441800 JavaThread "Task worker for ':' Thread 6" [_thread_blocked, id=4756, stack(0x000000003c8c0000,0x000000003c9c0000)]
  0x000000001d446800 JavaThread "Task worker for ':' Thread 5" [_thread_blocked, id=15716, stack(0x000000003c7c0000,0x000000003c8c0000)]
  0x000000001d444800 JavaThread "Task worker for ':' Thread 4" [_thread_blocked, id=19740, stack(0x000000003c6c0000,0x000000003c7c0000)]
  0x000000001d443800 JavaThread "Task worker for ':' Thread 3" [_thread_blocked, id=11280, stack(0x000000003c5c0000,0x000000003c6c0000)]
  0x000000001f080000 JavaThread "Task worker for ':' Thread 2" [_thread_blocked, id=19816, stack(0x000000003c4c0000,0x000000003c5c0000)]
  0x000000001f081800 JavaThread "Task worker for ':'" [_thread_blocked, id=8828, stack(0x000000003c3c0000,0x000000003c4c0000)]
  0x000000001f084000 JavaThread "Cache worker for Build Output Cleanup Cache (C:\Users\roryh\AndroidStudioProjects\ShopEdit\.gradle\buildOutputCleanup)" [_thread_blocked, id=10016, stack(0x000000003c2c0000,0x000000003c3c0000)]
  0x000000001f083000 JavaThread "Cache worker for task history cache (C:\Users\roryh\AndroidStudioProjects\ShopEdit\.gradle\4.6\taskHistory)" [_thread_blocked, id=7360, stack(0x000000003c1c0000,0x000000003c2c0000)]
  0x000000001f082800 JavaThread "Cache worker for file content cache (C:\Users\roryh\AndroidStudioProjects\ShopEdit\.gradle\4.6\fileContent)" [_thread_blocked, id=14184, stack(0x000000003c0c0000,0x000000003c1c0000)]
  0x000000001f07f800 JavaThread "Build operations Thread 8" [_thread_blocked, id=17524, stack(0x000000003bfc0000,0x000000003c0c0000)]
  0x000000001f077800 JavaThread "Build operations Thread 7" [_thread_blocked, id=1356, stack(0x000000003bec0000,0x000000003bfc0000)]
  0x000000001f077000 JavaThread "Build operations Thread 6" [_thread_blocked, id=14676, stack(0x000000003bdc0000,0x000000003bec0000)]
  0x000000001f07c800 JavaThread "Build operations Thread 5" [_thread_blocked, id=18828, stack(0x000000003bcc0000,0x000000003bdc0000)]
  0x000000001f079000 JavaThread "Build operations Thread 4" [_thread_blocked, id=10036, stack(0x000000003bbc0000,0x000000003bcc0000)]
  0x000000001f07a000 JavaThread "Build operations Thread 3" [_thread_blocked, id=18872, stack(0x000000003bac0000,0x000000003bbc0000)]
  0x000000001f07e000 JavaThread "Build operations Thread 2" [_thread_blocked, id=10184, stack(0x000000003b9c0000,0x000000003bac0000)]
  0x000000001f076000 JavaThread "Build operations" [_thread_blocked, id=19504, stack(0x000000003b8c0000,0x000000003b9c0000)]
  0x000000001f074800 JavaThread "Cache worker for Artifact transforms cache (C:\Users\roryh\.gradle\caches\transforms-1)" [_thread_blocked, id=13024, stack(0x000000003b7c0000,0x000000003b8c0000)]
  0x000000001b3d8000 JavaThread "Cache worker for file hash cache (C:\Users\roryh\AndroidStudioProjects\ShopEdit\.gradle\4.6\fileHashes)" [_thread_blocked, id=1668, stack(0x000000003b6c0000,0x000000003b7c0000)]
  0x000000001b3d7000 JavaThread "Stdin handler" [_thread_blocked, id=12748, stack(0x000000003b5c0000,0x000000003b6c0000)]
  0x000000001b3dc800 JavaThread "Asynchronous log dispatcher for DefaultDaemonConnection: socket connection from /127.0.0.1:62458 to /127.0.0.1:58211" [_thread_blocked, id=19820, stack(0x000000003b4c0000,0x000000003b5c0000)]
  0x000000001b3db800 JavaThread "Daemon worker Thread 32" [_thread_blocked, id=16688, stack(0x000000003b3c0000,0x000000003b4c0000)]
  0x000000001b3d6800 JavaThread "Cancel handler" [_thread_blocked, id=10292, stack(0x000000003b2c0000,0x000000003b3c0000)]
  0x000000001b3db000 JavaThread "Handler for socket connection from /127.0.0.1:62458 to /127.0.0.1:58211" [_thread_in_native, id=11128, stack(0x000000003b1c0000,0x000000003b2c0000)]
  0x000000001b3da000 JavaThread "Daemon Thread 32" [_thread_blocked, id=18572, stack(0x000000003b0c0000,0x000000003b1c0000)]
  0x000000001f075800 JavaThread "Memory manager" [_thread_blocked, id=2228, stack(0x0000000023e20000,0x0000000023f20000)]
  0x000000001f07b800 JavaThread "pool-1-thread-1" [_thread_blocked, id=1608, stack(0x0000000023730000,0x0000000023830000)]
  0x000000001b1c6800 JavaThread "File lock request listener" [_thread_in_native, id=20332, stack(0x000000001cac0000,0x000000001cbc0000)]
  0x000000001b1f2000 JavaThread "Cache worker for file hash cache (C:\Users\roryh\.gradle\caches\4.6\fileHashes)" [_thread_blocked, id=20032, stack(0x000000001c9c0000,0x000000001cac0000)]
  0x000000001b003800 JavaThread "Daemon periodic checks" [_thread_blocked, id=8936, stack(0x000000001bdc0000,0x000000001bec0000)]
  0x000000001ad9e800 JavaThread "Incoming local TCP Connector on port 62458" [_thread_in_native, id=19428, stack(0x000000001bb80000,0x000000001bc80000)]
  0x000000001913f000 JavaThread "Service Thread" daemon [_thread_blocked, id=15216, stack(0x0000000019c70000,0x0000000019d70000)]
  0x00000000171ae000 JavaThread "C1 CompilerThread3" daemon [_thread_blocked, id=19640, stack(0x0000000019b70000,0x0000000019c70000)]
  0x00000000190b4800 JavaThread "C2 CompilerThread2" daemon [_thread_in_native, id=10760, stack(0x0000000019a70000,0x0000000019b70000)]
  0x00000000190b2800 JavaThread "C2 CompilerThread1" daemon [_thread_in_native, id=1288, stack(0x0000000019970000,0x0000000019a70000)]
=>0x00000000190ab800 JavaThread "C2 CompilerThread0" daemon [_thread_in_native, id=13460, stack(0x0000000019870000,0x0000000019970000)]
  0x00000000190aa800 JavaThread "Attach Listener" daemon [_thread_blocked, id=17768, stack(0x0000000019770000,0x0000000019870000)]
  0x00000000190a9800 JavaThread "Signal Dispatcher" daemon [_thread_blocked, id=19268, stack(0x0000000019670000,0x0000000019770000)]
  0x0000000003329800 JavaThread "Finalizer" daemon [_thread_blocked, id=20256, stack(0x0000000019480000,0x0000000019580000)]
  0x0000000003328000 JavaThread "Reference Handler" daemon [_thread_blocked, id=4736, stack(0x0000000018f80000,0x0000000019080000)]
  0x00000000033de000 JavaThread "main" [_thread_blocked, id=18972, stack(0x0000000003110000,0x0000000003210000)]

Other Threads:
  0x0000000017197800 VMThread [stack: 0x0000000018e80000,0x0000000018f80000] [id=20080]
  0x0000000019140000 WatcherThread [stack: 0x0000000019d70000,0x0000000019e70000] [id=19604]

VM state:not at safepoint (normal execution)

VM Mutex/Monitor currently owned by a thread: None

Heap:
 PSYoungGen      total 166912K, used 90063K [0x00000000e0000000, 0x00000000ed280000, 0x0000000100000000)
  eden space 125440K, 51% used [0x00000000e0000000,0x00000000e3ecc800,0x00000000e7a80000)
  from space 41472K, 62% used [0x00000000ea480000,0x00000000ebda7568,0x00000000ecd00000)
  to   space 43008K, 0% used [0x00000000e7a80000,0x00000000e7a80000,0x00000000ea480000)
 ParOldGen       total 369152K, used 70468K [0x00000000a0000000, 0x00000000b6880000, 0x00000000e0000000)
  object space 369152K, 19% used [0x00000000a0000000,0x00000000a44d1210,0x00000000b6880000)
 Metaspace       used 91587K, capacity 96785K, committed 99672K, reserved 1136640K
  class space    used 11387K, capacity 12362K, committed 12928K, reserved 1048576K

Card table byte_map: [0x00000000127a0000,0x0000000012ab0000] byte_map_base: 0x00000000122a0000

Marking Bits: (ParMarkBitMap*) 0x0000000071185aa0
 Begin Bits: [0x00000000134b0000, 0x0000000014cb0000)
 End Bits:   [0x0000000014cb0000, 0x00000000164b0000)

Polling page: 0x00000000018d0000

CodeCache: size=245760Kb used=74356Kb max_used=75316Kb free=171403Kb
 bounds [0x00000000033e0000, 0x0000000007e10000, 0x00000000123e0000]
 total_blobs=21744 nmethods=20857 adapters=797
 compilation: enabled

Compilation events (10 events):
Event: 26694.144 Thread 0x00000000190b4800 nmethod 27688 0x0000000004f868d0 code [0x0000000004f86a00, 0x0000000004f86b78]
Event: 26694.319 Thread 0x00000000190b2800 27689       4       java.util.zip.InflaterInputStream::fill (60 bytes)
Event: 26694.321 Thread 0x00000000190ab800 27690   !   4       com.android.apksig.DefaultApkSignerEngine$GetJarEntryDataDigestRequest::getMessageDigest (72 bytes)
Event: 26694.321 Thread 0x00000000190b4800 27691       4       com.android.tools.build.apkzlib.sign.SigningExtension::setDirty (11 bytes)
Event: 26694.322 Thread 0x00000000190b4800 nmethod 27691 0x0000000003605390 code [0x00000000036054c0, 0x0000000003605518]
Event: 26694.324 Thread 0x00000000190ab800 nmethod 27690 0x0000000003e63050 code [0x0000000003e631a0, 0x0000000003e63508]
Event: 26694.326 Thread 0x00000000190b4800 27692       4       com.android.tools.build.apkzlib.sign.SigningExtension::onZipEntryOutput (76 bytes)
Event: 26694.331 Thread 0x00000000190ab800 27693   !   4       com.android.apksig.DefaultApkSignerEngine$GetJarEntryDataDigestRequest::getDataSink (48 bytes)
Event: 26694.338 Thread 0x00000000190ab800 nmethod 27693 0x000000000654e050 code [0x000000000654e1c0, 0x000000000654ec68]
Event: 26694.338 Thread 0x00000000190ab800 27694   !   4       com.android.apksig.DefaultApkSignerEngine$GetJarEntryDataDigestRequest::done (54 bytes)

GC Heap History (10 events):
Event: 26682.132 GC heap before
{Heap before GC invocations=70 (full 3):
 PSYoungGen      total 146944K, used 48637K [0x00000000e0000000, 0x00000000eb300000, 0x0000000100000000)
  eden space 117760K, 35% used [0x00000000e0000000,0x00000000e28f43d0,0x00000000e7300000)
  from space 29184K, 22% used [0x00000000e9680000,0x00000000e9d0b1a0,0x00000000eb300000)
  to   space 32768K, 0% used [0x00000000e7300000,0x00000000e7300000,0x00000000e9300000)
 ParOldGen       total 251392K, used 124230K [0x00000000a0000000, 0x00000000af580000, 0x00000000e0000000)
  object space 251392K, 49% used [0x00000000a0000000,0x00000000a7951888,0x00000000af580000)
 Metaspace       used 91972K, capacity 98259K, committed 98380K, reserved 1134592K
  class space    used 11616K, capacity 12791K, committed 12800K, reserved 1048576K
Event: 26682.147 GC heap after
Heap after GC invocations=70 (full 3):
 PSYoungGen      total 125440K, used 9420K [0x00000000e0000000, 0x00000000ead00000, 0x0000000100000000)
  eden space 115712K, 0% used [0x00000000e0000000,0x00000000e0000000,0x00000000e7100000)
  from space 9728K, 96% used [0x00000000e7300000,0x00000000e7c33058,0x00000000e7c80000)
  to   space 30720K, 0% used [0x00000000e8f00000,0x00000000e8f00000,0x00000000ead00000)
 ParOldGen       total 251392K, used 124270K [0x00000000a0000000, 0x00000000af580000, 0x00000000e0000000)
  object space 251392K, 49% used [0x00000000a0000000,0x00000000a795b888,0x00000000af580000)
 Metaspace       used 91972K, capacity 98259K, committed 98380K, reserved 1134592K
  class space    used 11616K, capacity 12791K, committed 12800K, reserved 1048576K
}
Event: 26682.147 GC heap before
{Heap before GC invocations=71 (full 4):
 PSYoungGen      total 125440K, used 9420K [0x00000000e0000000, 0x00000000ead00000, 0x0000000100000000)
  eden space 115712K, 0% used [0x00000000e0000000,0x00000000e0000000,0x00000000e7100000)
  from space 9728K, 96% used [0x00000000e7300000,0x00000000e7c33058,0x00000000e7c80000)
  to   space 30720K, 0% used [0x00000000e8f00000,0x00000000e8f00000,0x00000000ead00000)
 ParOldGen       total 251392K, used 124270K [0x00000000a0000000, 0x00000000af580000, 0x00000000e0000000)
  object space 251392K, 49% used [0x00000000a0000000,0x00000000a795b888,0x00000000af580000)
 Metaspace       used 91972K, capacity 98259K, committed 98380K, reserved 1134592K
  class space    used 11616K, capacity 12791K, committed 12800K, reserved 1048576K
Event: 26682.665 GC heap after
Heap after GC invocations=71 (full 4):
 PSYoungGen      total 125440K, used 0K [0x00000000e0000000, 0x00000000ead00000, 0x0000000100000000)
  eden space 115712K, 0% used [0x00000000e0000000,0x00000000e0000000,0x00000000e7100000)
  from space 9728K, 0% used [0x00000000e7300000,0x00000000e7300000,0x00000000e7c80000)
  to   space 30720K, 0% used [0x00000000e8f00000,0x00000000e8f00000,0x00000000ead00000)
 ParOldGen       total 369152K, used 52962K [0x00000000a0000000, 0x00000000b6880000, 0x00000000e0000000)
  object space 369152K, 14% used [0x00000000a0000000,0x00000000a33b8820,0x00000000b6880000)
 Metaspace       used 89789K, capacity 94915K, committed 98380K, reserved 1134592K
  class space    used 11184K, capacity 12119K, committed 12800K, reserved 1048576K
}
Event: 26689.306 GC heap before
{Heap before GC invocations=72 (full 4):
 PSYoungGen      total 125440K, used 115712K [0x00000000e0000000, 0x00000000ead00000, 0x0000000100000000)
  eden space 115712K, 100% used [0x00000000e0000000,0x00000000e7100000,0x00000000e7100000)
  from space 9728K, 0% used [0x00000000e7300000,0x00000000e7300000,0x00000000e7c80000)
  to   space 30720K, 0% used [0x00000000e8f00000,0x00000000e8f00000,0x00000000ead00000)
 ParOldGen       total 369152K, used 52962K [0x00000000a0000000, 0x00000000b6880000, 0x00000000e0000000)
  object space 369152K, 14% used [0x00000000a0000000,0x00000000a33b8820,0x00000000b6880000)
 Metaspace       used 91547K, capacity 96761K, committed 99672K, reserved 1136640K
  class space    used 11381K, capacity 12358K, committed 12928K, reserved 1048576K
Event: 26689.332 GC heap after
Heap after GC invocations=72 (full 4):
 PSYoungGen      total 146944K, used 13492K [0x00000000e0000000, 0x00000000eb100000, 0x0000000100000000)
  eden space 116224K, 0% used [0x00000000e0000000,0x00000000e0000000,0x00000000e7180000)
  from space 30720K, 43% used [0x00000000e8f00000,0x00000000e9c2d1c8,0x00000000ead00000)
  to   space 30208K, 0% used [0x00000000e7180000,0x00000000e7180000,0x00000000e8f00000)
 ParOldGen       total 369152K, used 52970K [0x00000000a0000000, 0x00000000b6880000, 0x00000000e0000000)
  object space 369152K, 14% used [0x00000000a0000000,0x00000000a33ba820,0x00000000b6880000)
 Metaspace       used 91547K, capacity 96761K, committed 99672K, reserved 1136640K
  class space    used 11381K, capacity 12358K, committed 12928K, reserved 1048576K
}
Event: 26692.918 GC heap before
{Heap before GC invocations=73 (full 4):
 PSYoungGen      total 146944K, used 129716K [0x00000000e0000000, 0x00000000eb100000, 0x0000000100000000)
  eden space 116224K, 100% used [0x00000000e0000000,0x00000000e7180000,0x00000000e7180000)
  from space 30720K, 43% used [0x00000000e8f00000,0x00000000e9c2d1c8,0x00000000ead00000)
  to   space 30208K, 0% used [0x00000000e7180000,0x00000000e7180000,0x00000000e8f00000)
 ParOldGen       total 369152K, used 52970K [0x00000000a0000000, 0x00000000b6880000, 0x00000000e0000000)
  object space 369152K, 14% used [0x00000000a0000000,0x00000000a33ba820,0x00000000b6880000)
 Metaspace       used 91577K, capacity 96779K, committed 99672K, reserved 1136640K
  class space    used 11386K, capacity 12361K, committed 12928K, reserved 1048576K
Event: 26693.087 GC heap after
Heap after GC invocations=73 (full 4):
 PSYoungGen      total 146432K, used 30188K [0x00000000e0000000, 0x00000000ecd00000, 0x0000000100000000)
  eden space 116224K, 0% used [0x00000000e0000000,0x00000000e0000000,0x00000000e7180000)
  from space 30208K, 99% used [0x00000000e7180000,0x00000000e8efb0d0,0x00000000e8f00000)
  to   space 41472K, 0% used [0x00000000ea480000,0x00000000ea480000,0x00000000ecd00000)
 ParOldGen       total 369152K, used 70468K [0x00000000a0000000, 0x00000000b6880000, 0x00000000e0000000)
  object space 369152K, 19% used [0x00000000a0000000,0x00000000a44d1210,0x00000000b6880000)
 Metaspace       used 91577K, capacity 96779K, committed 99672K, reserved 1136640K
  class space    used 11386K, capacity 12361K, committed 12928K, reserved 1048576K
}
Event: 26694.018 GC heap before
{Heap before GC invocations=74 (full 4):
 PSYoungGen      total 146432K, used 146379K [0x00000000e0000000, 0x00000000ecd00000, 0x0000000100000000)
  eden space 116224K, 99% used [0x00000000e0000000,0x00000000e7177bd8,0x00000000e7180000)
  from space 30208K, 99% used [0x00000000e7180000,0x00000000e8efb0d0,0x00000000e8f00000)
  to   space 41472K, 0% used [0x00000000ea480000,0x00000000ea480000,0x00000000ecd00000)
 ParOldGen       total 369152K, used 70468K [0x00000000a0000000, 0x00000000b6880000, 0x00000000e0000000)
  object space 369152K, 19% used [0x00000000a0000000,0x00000000a44d1210,0x00000000b6880000)
 Metaspace       used 91587K, capacity 96785K, committed 99672K, reserved 1136640K
  class space    used 11387K, capacity 12362K, committed 12928K, reserved 1048576K
Event: 26694.060 GC heap after
Heap after GC invocations=74 (full 4):
 PSYoungGen      total 166912K, used 25757K [0x00000000e0000000, 0x00000000ed280000, 0x0000000100000000)
  eden space 125440K, 0% used [0x00000000e0000000,0x00000000e0000000,0x00000000e7a80000)
  from space 41472K, 62% used [0x00000000ea480000,0x00000000ebda7568,0x00000000ecd00000)
  to   space 43008K, 0% used [0x00000000e7a80000,0x00000000e7a80000,0x00000000ea480000)
 ParOldGen       total 369152K, used 70468K [0x00000000a0000000, 0x00000000b6880000, 0x00000000e0000000)
  object space 369152K, 19% used [0x00000000a0000000,0x00000000a44d1210,0x00000000b6880000)
 Metaspace       used 91587K, capacity 96785K, committed 99672K, reserved 1136640K
  class space    used 11387K, capacity 12362K, committed 12928K, reserved 1048576K
}

Deoptimization events (10 events):
Event: 26693.532 Thread 0x0000000019339800 Uncommon trap: reason=unstable_if action=reinterpret pc=0x0000000004e4b9f0 method=java.util.TimSort.mergeLo(IIII)V @ 529
Event: 26693.624 Thread 0x0000000019339800 Uncommon trap: reason=unstable_if action=reinterpret pc=0x0000000005b7592c method=com.android.tools.r8.graph.DexValue$NestedDexValue.equals(Ljava/lang/Object;)Z @ 2
Event: 26693.625 Thread 0x0000000019339800 Uncommon trap: reason=unstable_if action=reinterpret pc=0x0000000006752d54 method=com.android.tools.r8.dex.FileWriter.writeClassDefItem(Lcom/android/tools/r8/graph/DexProgramClass;)V @ 87
Event: 26693.931 Thread 0x000000001d44c000 Uncommon trap: reason=class_check action=maybe_recompile pc=0x0000000007b2a04c method=com.sun.org.apache.xerces.internal.impl.XMLDocumentFragmentScannerImpl.scanDocument(Z)Z @ 203
Event: 26693.932 Thread 0x000000001d44c000 Uncommon trap: reason=class_check action=maybe_recompile pc=0x0000000007b2a04c method=com.sun.org.apache.xerces.internal.impl.XMLDocumentFragmentScannerImpl.scanDocument(Z)Z @ 203
Event: 26693.932 Thread 0x000000001d44c000 Uncommon trap: reason=null_check action=make_not_entrant pc=0x0000000007837fc0 method=org.codehaus.groovy.reflection.ClassInfo.getWeakMetaClass()Lgroovy/lang/MetaClass; @ 17
Event: 26693.933 Thread 0x000000001d44c000 Uncommon trap: reason=unstable_if action=reinterpret pc=0x00000000041a9dd8 method=java.lang.ref.SoftReference.get()Ljava/lang/Object; @ 6
Event: 26693.934 Thread 0x000000001d44c000 Uncommon trap: reason=unstable_if action=reinterpret pc=0x00000000042145d4 method=java.lang.ref.SoftReference.get()Ljava/lang/Object; @ 6
Event: 26693.934 Thread 0x000000001d44c000 Uncommon trap: reason=unstable_if action=reinterpret pc=0x00000000041119a4 method=java.lang.ref.SoftReference.get()Ljava/lang/Object; @ 6
Event: 26693.935 Thread 0x000000001d44c000 Uncommon trap: reason=null_check action=make_not_entrant pc=0x000000000616eafc method=java.beans.MethodRef.get()Ljava/lang/reflect/Method; @ 16

Classes redefined (0 events):
No events

Internal exceptions (10 events):
Event: 26692.365 Thread 0x0000000019337800 Implicit null exception at 0x0000000005262513 to 0x0000000005262b41
Event: 26692.901 Thread 0x0000000019336800 Implicit null exception at 0x00000000052f5156 to 0x00000000052f8679
Event: 26693.099 Thread 0x0000000019336800 Implicit null exception at 0x0000000006280fe9 to 0x000000000628468d
Event: 26693.100 Thread 0x0000000019336800 Implicit null exception at 0x0000000004dcd1a9 to 0x0000000004dcdd8d
Event: 26693.625 Thread 0x0000000019339800 Implicit null exception at 0x000000000674f42f to 0x0000000006752d39
Event: 26693.660 Thread 0x0000000019339800 Exception <a 'sun/nio/fs/WindowsException'> (0x00000000e5f62c48) thrown at [D:\src\AOSP-openjdk-cygwin\jdk8u\hotspot\src\share\vm\prims\jni.cpp, line 709]
Event: 26693.933 Thread 0x000000001d44c000 Implicit null exception at 0x00000000041a9843 to 0x00000000041a9db9
Event: 26693.934 Thread 0x000000001d44c000 Implicit null exception at 0x0000000004213bb7 to 0x00000000042145b5
Event: 26693.934 Thread 0x000000001d44c000 Implicit null exception at 0x0000000004111323 to 0x0000000004111991
Event: 26693.934 Thread 0x000000001d44c000 Implicit null exception at 0x000000000616e760 to 0x000000000616eae5

Events (10 events):
Event: 26694.165 Executing VM operation: RevokeBias
Event: 26694.165 Executing VM operation: RevokeBias done
Event: 26694.165 Executing VM operation: RevokeBias
Event: 26694.166 Executing VM operation: RevokeBias done
Event: 26694.169 Executing VM operation: RevokeBias
Event: 26694.170 Executing VM operation: RevokeBias done
Event: 26694.284 Executing VM operation: RevokeBias
Event: 26694.284 Executing VM operation: RevokeBias done
Event: 26694.284 Executing VM operation: RevokeBias
Event: 26694.284 Executing VM operation: RevokeBias done


Dynamic libraries:
0x00007ff6ba5e0000 - 0x00007ff6ba611000 	C:\Program Files\Android\Android Studio\jre\bin\java.exe
0x00007ff9e2140000 - 0x00007ff9e2321000 	C:\windows\SYSTEM32\ntdll.dll
0x00007ff9df950000 - 0x00007ff9dfa02000 	C:\windows\System32\KERNEL32.DLL
0x00007ff9df220000 - 0x00007ff9df493000 	C:\windows\System32\KERNELBASE.dll
0x00007ff9df7b0000 - 0x00007ff9df851000 	C:\windows\System32\ADVAPI32.dll
0x00007ff9df6a0000 - 0x00007ff9df73e000 	C:\windows\System32\msvcrt.dll
0x00007ff9df750000 - 0x00007ff9df7ab000 	C:\windows\System32\sechost.dll
0x00007ff9dfed0000 - 0x00007ff9dfff4000 	C:\windows\System32\RPCRT4.dll
0x00007ff9e04b0000 - 0x00007ff9e0640000 	C:\windows\System32\USER32.dll
0x00007ff9dee60000 - 0x00007ff9dee80000 	C:\windows\System32\win32u.dll
0x00007ff9e0410000 - 0x00007ff9e0438000 	C:\windows\System32\GDI32.dll
0x00007ff9dee80000 - 0x00007ff9df012000 	C:\windows\System32\gdi32full.dll
0x00007ff9df080000 - 0x00007ff9df11f000 	C:\windows\System32\msvcp_win.dll
0x00007ff9df120000 - 0x00007ff9df21a000 	C:\windows\System32\ucrtbase.dll
0x00007ff9cd220000 - 0x00007ff9cd489000 	C:\windows\WinSxS\amd64_microsoft.windows.common-controls_6595b64144ccf1df_6.0.17134.523_none_fb409dd930672a56\COMCTL32.dll
0x00007ff9dfb90000 - 0x00007ff9dfeb2000 	C:\windows\System32\combase.dll
0x00007ff9df4a0000 - 0x00007ff9df51a000 	C:\windows\System32\bcryptPrimitives.dll
0x00007ff9e0a90000 - 0x00007ff9e0abd000 	C:\windows\System32\IMM32.DLL
0x00000000708e0000 - 0x00000000709b2000 	C:\Program Files\Android\Android Studio\jre\jre\bin\msvcr100.dll
0x00000000709c0000 - 0x0000000071201000 	C:\Program Files\Android\Android Studio\jre\jre\bin\server\jvm.dll
0x00007ff9df5d0000 - 0x00007ff9df5d8000 	C:\windows\System32\PSAPI.DLL
0x00007ff9cfa80000 - 0x00007ff9cfa89000 	C:\windows\SYSTEM32\WSOCK32.dll
0x00007ff9e0440000 - 0x00007ff9e04ac000 	C:\windows\System32\WS2_32.dll
0x00007ff9db660000 - 0x00007ff9db66a000 	C:\windows\SYSTEM32\VERSION.dll
0x00007ff9da050000 - 0x00007ff9da073000 	C:\windows\SYSTEM32\WINMM.dll
0x00007ff9da020000 - 0x00007ff9da04a000 	C:\windows\SYSTEM32\WINMMBASE.dll
0x00007ff9de700000 - 0x00007ff9de749000 	C:\windows\System32\cfgmgr32.dll
0x00007ff9c4a80000 - 0x00007ff9c4a8f000 	C:\Program Files\Android\Android Studio\jre\jre\bin\verify.dll
0x00007ff9b7fd0000 - 0x00007ff9b7ff9000 	C:\Program Files\Android\Android Studio\jre\jre\bin\java.dll
0x00007ff9c2430000 - 0x00007ff9c2446000 	C:\Program Files\Android\Android Studio\jre\jre\bin\zip.dll
0x00007ff9e0b70000 - 0x00007ff9e1fb0000 	C:\windows\System32\SHELL32.dll
0x00007ff9e0ac0000 - 0x00007ff9e0b69000 	C:\windows\System32\shcore.dll
0x00007ff9de750000 - 0x00007ff9dee5d000 	C:\windows\System32\windows.storage.dll
0x00007ff9df5e0000 - 0x00007ff9df631000 	C:\windows\System32\shlwapi.dll
0x00007ff9de4f0000 - 0x00007ff9de501000 	C:\windows\System32\kernel.appcore.dll
0x00007ff9de4b0000 - 0x00007ff9de4cf000 	C:\windows\System32\profapi.dll
0x00007ff9de460000 - 0x00007ff9de4ac000 	C:\windows\System32\powrprof.dll
0x00007ff9de450000 - 0x00007ff9de45a000 	C:\windows\System32\FLTLIB.DLL
0x00007ff9c07f0000 - 0x00007ff9c080a000 	C:\Program Files\Android\Android Studio\jre\jre\bin\net.dll
0x00007ff9ddcd0000 - 0x00007ff9ddd36000 	C:\windows\system32\mswsock.dll
0x00007ff9b80e0000 - 0x00007ff9b80f1000 	C:\Program Files\Android\Android Studio\jre\jre\bin\nio.dll
0x00007ff9b7470000 - 0x00007ff9b748e000 	C:\Users\roryh\.gradle\native\25\windows-amd64\native-platform.dll
0x00007ff9c39b0000 - 0x00007ff9c39bd000 	C:\Program Files\Android\Android Studio\jre\jre\bin\management.dll
0x00007ff9dde80000 - 0x00007ff9dde97000 	C:\windows\SYSTEM32\CRYPTSP.dll
0x00007ff9dd8b0000 - 0x00007ff9dd8e3000 	C:\windows\system32\rsaenh.dll
0x00007ff9ddfb0000 - 0x00007ff9ddfd5000 	C:\windows\SYSTEM32\bcrypt.dll
0x00007ff9de380000 - 0x00007ff9de3a8000 	C:\windows\SYSTEM32\USERENV.dll
0x00007ff9ddea0000 - 0x00007ff9ddeab000 	C:\windows\SYSTEM32\CRYPTBASE.dll
0x00007ff9dda50000 - 0x00007ff9dda88000 	C:\windows\SYSTEM32\IPHLPAPI.DLL
0x00007ff9df740000 - 0x00007ff9df748000 	C:\windows\System32\NSI.dll
0x00007ff9d8830000 - 0x00007ff9d8846000 	C:\windows\SYSTEM32\dhcpcsvc6.DLL
0x00007ff9da270000 - 0x00007ff9da28a000 	C:\windows\SYSTEM32\dhcpcsvc.DLL
0x00007ff9c1720000 - 0x00007ff9c1744000 	C:\Program Files\Android\Android Studio\jre\jre\bin\sunec.dll
0x00007ff9dda90000 - 0x00007ff9ddb4e000 	C:\windows\SYSTEM32\DNSAPI.dll
0x00007ff9cad20000 - 0x00007ff9cad2a000 	C:\Windows\System32\rasadhlp.dll
0x00007ff9d1d10000 - 0x00007ff9d1d82000 	C:\windows\System32\fwpuclnt.dll
0x00007ff9c2480000 - 0x00007ff9c248b000 	C:\Program Files\Android\Android Studio\jre\jre\bin\sunmscapi.dll
0x00007ff9de510000 - 0x00007ff9de6f2000 	C:\windows\System32\CRYPT32.dll
0x00007ff9de4d0000 - 0x00007ff9de4e2000 	C:\windows\System32\MSASN1.dll

VM Arguments:
jvm_args: -Xmx1536m -Dfile.encoding=windows-1252 -Duser.country=IE -Duser.language=en -Duser.variant 
java_command: org.gradle.launcher.daemon.bootstrap.GradleDaemon 4.6
java_class_path (initial): C:\Users\roryh\.gradle\wrapper\dists\gradle-4.6-all\bcst21l2brirad8k2ben1letg\gradle-4.6\lib\gradle-launcher-4.6.jar
Launcher Type: SUN_STANDARD

Environment Variables:
JAVA_HOME=C:\Program Files (x86)\Java\jdk1.8.0_181
PATH=C:\Program Files (x86)\Common Files\Oracle\Java\javapath;C:\windows\system32;C:\windows;C:\windows\System32\Wbem;C:\windows\System32\WindowsPowerShell\v1.0\;C:\windows\System32\OpenSSH\;C:\Program Files\Git\cmd;C:\Program Files\apache-tomcat-8.5.34\bin;C:\Program Files\MySQL\MySQL Server 5.1\bin;C:\Users\roryh\AppData\Local\Microsoft\WindowsApps;;C:\Users\roryh\AppData\Local\Programs\Microsoft VS Code\bin
USERNAME=roryh
OS=Windows_NT
PROCESSOR_IDENTIFIER=Intel64 Family 6 Model 142 Stepping 10, GenuineIntel



---------------  S Y S T E M  ---------------

OS: Windows 10.0 , 64 bit Build 17134 (10.0.17134.1)

CPU:total 8 (initial active 8) (4 cores per cpu, 2 threads per core) family 6 model 142 stepping 10, cmov, cx8, fxsr, mmx, sse, sse2, sse3, ssse3, sse4.1, sse4.2, popcnt, avx, avx2, aes, clmul, erms, 3dnowpref, lzcnt, ht, tsc, tscinvbit, bmi1, bmi2, adx

Memory: 4k page, physical 16657328k(4102060k free), swap 19656624k(40k free)

vm_info: OpenJDK 64-Bit Server VM (25.152-b06) for windows-amd64 JRE (1.8.0_152-release-1136-b06), built by "builder" with MS VC++ 10.0 (VS2010)

time: Wed Jan 23 18:53:36 2019
elapsed time: 26694 seconds (0d 7h 24m 54s)

